********************************************************************************************************
*  FXCore Assembler Listing File - CLI version
*  Assembler build: 2.0.0.0
*  Platform: Windows
*  Source File: generated.fxc
*  This listing file: generated.lst
********************************************************************************************************

Start assemble at 09 July 2022 17:40:49 +01:00

Start EQU/MEM/REG symbol resolution

Used 0 memory of 32768 available (0.00 % used)


Core register preset values
R0(): 0x00000000
R1(): 0x00000000
R2(): 0x00000000
R3(): 0x00000000
R4(): 0x00000000
R5(): 0x00000000
R6(): 0x00000000
R7(): 0x00000000
R8(): 0x00000000
R9(): 0x00000000
R10(): 0x00000000
R11(): 0x00000000
R12(): 0x00000000
R13(): 0x00000000
R14(): 0x00000000
R15(): 0x00000000

MREG register preset values
MR0(): 0x00000000
MR1(): 0x00000000
MR2(): 0x00000000
MR3(): 0x00000000
MR4(): 0x00000000
MR5(): 0x00000000
MR6(): 0x00000000
MR7(): 0x00000000
MR8(): 0x00000000
MR9(): 0x00000000
MR10(): 0x00000000
MR11(): 0x00000000
MR12(): 0x00000000
MR13(): 0x00000000
MR14(): 0x00000000
MR15(): 0x00000000
MR16(): 0x00000000
MR17(): 0x00000000
MR18(): 0x00000000
MR19(): 0x00000000
MR20(): 0x00000000
MR21(): 0x00000000
MR22(): 0x00000000
MR23(): 0x00000000
MR24(): 0x00000000
MR25(): 0x00000000
MR26(): 0x00000000
MR27(): 0x00000000
MR28(): 0x00000000
MR29(): 0x00000000
MR30(): 0x00000000
MR31(): 0x00000000
MR32(): 0x00000000
MR33(): 0x00000000
MR34(): 0x00000000
MR35(): 0x00000000
MR36(): 0x00000000
MR37(): 0x00000000
MR38(): 0x00000000
MR39(): 0x00000000
MR40(): 0x00000000
MR41(): 0x00000000
MR42(): 0x00000000
MR43(): 0x00000000
MR44(): 0x00000000
MR45(): 0x00000000
MR46(): 0x00000000
MR47(): 0x00000000
MR48(): 0x00000000
MR49(): 0x00000000
MR50(): 0x00000000
MR51(): 0x00000000
MR52(): 0x00000000
MR53(): 0x00000000
MR54(): 0x00000000
MR55(): 0x00000000
MR56(): 0x00000000
MR57(): 0x00000000
MR58(): 0x00000000
MR59(): 0x00000000
MR60(): 0x00000000
MR61(): 0x00000000
MR62(): 0x00000000
MR63(): 0x00000000
MR64(): 0x00000000
MR65(): 0x00000000
MR66(): 0x00000000
MR67(): 0x00000000
MR68(): 0x00000000
MR69(): 0x00000000
MR70(): 0x00000000
MR71(): 0x00000000
MR72(): 0x00000000
MR73(): 0x00000000
MR74(): 0x00000000
MR75(): 0x00000000
MR76(): 0x00000000
MR77(): 0x00000000
MR78(): 0x00000000
MR79(): 0x00000000
MR80(): 0x00000000
MR81(): 0x00000000
MR82(): 0x00000000
MR83(): 0x00000000
MR84(): 0x00000000
MR85(): 0x00000000
MR86(): 0x00000000
MR87(): 0x00000000
MR88(): 0x00000000
MR89(): 0x00000000
MR90(): 0x00000000
MR91(): 0x00000000
MR92(): 0x00000000
MR93(): 0x00000000
MR94(): 0x00000000
MR95(): 0x00000000
MR96(): 0x00000000
MR97(): 0x00000000
MR98(): 0x00000000
MR99(): 0x00000000
MR100(): 0x00000000
MR101(): 0x00000000
MR102(): 0x00000000
MR103(): 0x00000000
MR104(): 0x00000000
MR105(): 0x00000000
MR106(): 0x00000000
MR107(): 0x00000000
MR108(): 0x00000000
MR109(): 0x00000000
MR110(): 0x00000000
MR111(): 0x00000000
MR112(): 0x00000000
MR113(): 0x00000000
MR114(): 0x00000000
MR115(): 0x00000000
MR116(): 0x00000000
MR117(): 0x00000000
MR118(): 0x00000000
MR119(): 0x00000000
MR120(): 0x00000000
MR121(): 0x00000000
MR122(): 0x00000000
MR123(): 0x00000000
MR124(): 0x00000000
MR125(): 0x00000000
MR126(): 0x00000000
MR127(): 0x00000000

SREG register preset values
POT0_K(): 0x0000000A(10)
POT1_K(): 0x0000000A(10)
POT2_K(): 0x0000000A(10)
POT3_K(): 0x0000000A(10)
POT4_K(): 0x0000000A(10)
POT5_K(): 0x0000000A(10)
LFO0_F(): 0x00000000
LFO1_F(): 0x00000000
LFO2_F(): 0x00000000
LFO3_F(): 0x00000000
RAMP0_F(): 0x00000000
RAMP1_F(): 0x00000000
MAXTEMPO(): 0x00007FFF(32767)
TAPTEMPO(): 0x00000000
TAPSTKRLD(): 0x00008CA0(36000)
TAPDBRLD(): 0x000001E0(480)
SWDBRLD(): 0x000001E0(480)
PRGDBRLD(): 0x00000960(2400)
OFLRLD(): 0x000003C0(960)
USR0(): 0x00000000
USR1(): 0x00000000

End EQU/MEM/REG symbol resolution

Start assembly

Simple parameter resolution:
Done


Symbolic, label and complex parameter resolution:
ERROR: Line number 00001: "CPY_CS TEMP IN0" - No core register found by the name of TEMP
